[0.011s][info][gc] Using G1
[0.014s][info][gc,init] Version: 17.0.4+8 (release)
[0.014s][info][gc,init] CPUs: 8 total, 8 available
[0.014s][info][gc,init] Memory: 32648M
[0.014s][info][gc,init] Large Page Support: Disabled
[0.014s][info][gc,init] NUMA Support: Disabled
[0.014s][info][gc,init] Compressed Oops: Enabled (Zero based)
[0.014s][info][gc,init] Heap Region Size: 4M
[0.014s][info][gc,init] Heap Min Capacity: 8M
[0.014s][info][gc,init] Heap Initial Capacity: 512M
[0.014s][info][gc,init] Heap Max Capacity: 8164M
[0.014s][info][gc,init] Pre-touch: Disabled
[0.014s][info][gc,init] Parallel Workers: 8
[0.014s][info][gc,init] Concurrent Workers: 2
[0.014s][info][gc,init] Concurrent Refinement Workers: 8
[0.014s][info][gc,init] Periodic GC: Disabled
[0.015s][info][gc,metaspace] CDS archive(s) mapped at: [0x0000000800000000-0x0000000800bc0000-0x0000000800bc0000), size 12320768, SharedBaseAddress: 0x0000000800000000, ArchiveRelocationMode: 0.
[0.015s][info][gc,metaspace] Compressed class space mapped at: 0x0000000800c00000-0x0000000840c00000, reserved size: 1073741824
[0.015s][info][gc,metaspace] Narrow klass base: 0x0000000800000000, Narrow klass shift: 0, Narrow klass range: 0x100000000
[5.390s][info][gc,start    ] GC(0) Pause Young (Normal) (G1 Evacuation Pause)
[5.390s][info][gc,task     ] GC(0) Using 8 workers of 8 for evacuation
[5.400s][info][gc,phases   ] GC(0)   Pre Evacuate Collection Set: 0.1ms
[5.400s][info][gc,phases   ] GC(0)   Merge Heap Roots: 0.4ms
[5.400s][info][gc,phases   ] GC(0)   Evacuate Collection Set: 7.7ms
[5.400s][info][gc,phases   ] GC(0)   Post Evacuate Collection Set: 1.0ms
[5.400s][info][gc,phases   ] GC(0)   Other: 0.8ms
[5.400s][info][gc,heap     ] GC(0) Eden regions: 6->0(5)
[5.400s][info][gc,heap     ] GC(0) Survivor regions: 0->1(1)
[5.400s][info][gc,heap     ] GC(0) Old regions: 0->2
[5.400s][info][gc,heap     ] GC(0) Archive regions: 0->0
[5.400s][info][gc,heap     ] GC(0) Humongous regions: 0->0
[5.400s][info][gc,metaspace] GC(0) Metaspace: 8477K(8704K)->8477K(8704K) NonClass: 7570K(7680K)->7570K(7680K) Class: 907K(1024K)->907K(1024K)
[5.400s][info][gc          ] GC(0) Pause Young (Normal) (G1 Evacuation Pause) 24M->8M(512M) 10.466ms
[5.400s][info][gc,cpu      ] GC(0) User=0.11s Sys=0.02s Real=0.01s
[38.657s][info][gc,heap,exit] Heap
[38.657s][info][gc,heap,exit]  garbage-first heap   total 524288K, used 24659K [0x0000000601c00000, 0x0000000800000000)
[38.657s][info][gc,heap,exit]   region size 4096K, 5 young (20480K), 1 survivors (4096K)
[38.658s][info][gc,heap,exit]  Metaspace       used 8731K, committed 8960K, reserved 1056768K
[38.658s][info][gc,heap,exit]   class space    used 907K, committed 1024K, reserved 1048576K
